<?xml version="1.0" encoding="UTF-8" ?>
<testsuite tests="12" failures="0" name="bank.core.TestBank" time="0.096" errors="0" skipped="0">
  <properties>
[...]
</properties>
  <testcase classname="bank.core.TestBank" name="transferTest" time="0.003"/>
  <testcase classname="bank.core.TestBank" name="createAccountTest2" time="0"/>
  <testcase classname="bank.core.TestBank" name="getBalanceTest" time="0"/>
  <testcase classname="bank.core.TestBank" name="depositTest" time="0"/>
  <testcase classname="bank.core.TestBank" name="transferFailTest1" time="0"/>
  <testcase classname="bank.core.TestBank" name="transferFailTest2" time="0"/>
  <testcase classname="bank.core.TestBank" name="transferFailTest3" time="0"/>
  <testcase classname="bank.core.TestBank" name="depositFailTest" time="0"/>
  <testcase classname="bank.core.TestBank" name="createAccountTest" time="0"/>
  <testcase classname="bank.core.TestBank" name="withdrawTest" time="0"/>
  <testcase classname="bank.core.TestBank" name="withdrawFailTest1" time="0"/>
  <testcase classname="bank.core.TestBank" name="withdrawFailTest2" time="0"/>
</testsuite>